<?xml version="1.0" encoding="UTF-8"?>
<!-- Generated by org.testng.reporters.JUnitReportReporter -->
<testsuite hostname="HP-HP" failures="0" tests="1" name="test.NewTest" time="0.553" errors="0" timestamp="2020-06-23T16:30:06 IST" skipped="0">
  <testcase classname="test.NewTest" name="openMyBlog" time="0.553"/>
  <system-out/>
</testsuite> <!-- test.NewTest -->
